[1.000][INFO]: COMMAND InitSession {
   "desiredCapabilities": {
      "browserName": "chrome",
      "chromeOptions": {
         "args": [  ],
         "extensions": [  ]
      },
      "javascriptEnabled": true,
      "platform": "ANY",
      "version": ""
   }
}
[1.004][INFO]: Populating Preferences file: {
   "alternate_error_pages": {
      "enabled": false
   },
   "autofill": {
      "enabled": false
   },
   "browser": {
      "check_default_browser": false
   },
   "distribution": {
      "import_bookmarks": false,
      "import_history": false,
      "import_search_engine": false,
      "make_chrome_default_for_user": false,
      "show_welcome_page": false,
      "skip_first_run_ui": true
   },
   "dns_prefetching": {
      "enabled": false
   },
   "profile": {
      "content_settings": {
         "pattern_pairs": {
            "https://*,*": {
               "media-stream": {
                  "audio": "Default",
                  "video": "Default"
               }
            }
         }
      },
      "default_content_setting_values": {
         "geolocation": 1
      },
      "default_content_settings": {
         "geolocation": 1,
         "mouselock": 1,
         "notifications": 1,
         "popups": 1,
         "ppapi-broker": 1
      },
      "password_manager_enabled": false
   },
   "safebrowsing": {
      "enabled": false
   },
   "search": {
      "suggest_enabled": false
   },
   "translate": {
      "enabled": false
   }
}
[1.005][INFO]: Populating Local State file: {
   "background_mode": {
      "enabled": false
   },
   "ssl": {
      "rev_checking": {
         "enabled": false
      }
   }
}
[1.008][INFO]: Launching chrome: /Applications/Google Chrome.app/Contents/MacOS/Google Chrome --disable-background-networking --disable-client-side-phishing-detection --disable-component-update --disable-default-apps --disable-hang-monitor --disable-popup-blocking --disable-prompt-on-repost --disable-sync --disable-web-resources --enable-logging --ignore-certificate-errors --load-extension=/var/folders/00/s1wyw_l52v5gbg9xfg13b7n00000gq/T/.org.chromium.Chromium.7CKLH8/internal --log-level=0 --metrics-recording-only --no-first-run --password-store=basic --remote-debugging-port=12593 --safebrowsing-disable-auto-update --safebrowsing-disable-download-protection --test-type=webdriver --use-mock-keychain --user-data-dir=/var/folders/00/s1wyw_l52v5gbg9xfg13b7n00000gq/T/.org.chromium.Chromium.ffrjDW data:,
[1.008][DEBUG]: DevTools request: http://127.0.0.1:12593/json/version
[1.009][DEBUG]: DevTools request failed
[1.061][DEBUG]: DevTools request: http://127.0.0.1:12593/json/version
[1.061][DEBUG]: DevTools request failed
[1.115][DEBUG]: DevTools request: http://127.0.0.1:12593/json/version
[1.115][DEBUG]: DevTools request failed
[1.166][DEBUG]: DevTools request: http://127.0.0.1:12593/json/version
[1.166][DEBUG]: DevTools request failed
[1.218][DEBUG]: DevTools request: http://127.0.0.1:12593/json/version
[1.219][DEBUG]: DevTools request failed
2016-03-21 22:55:59.272 Google Chrome[15344:551963] NSWindow warning: adding an unknown subview: <FullSizeContentView: 0x7faa99e57790>. Break on NSLog to debug.
2016-03-21 22:55:59.273 Google Chrome[15344:551963] Call stack:
(
    "+callStackSymbols disabled for performance reasons"
)
[1.269][DEBUG]: DevTools request: http://127.0.0.1:12593/json/version
[1.488][DEBUG]: DevTools response: {
   "Browser": "Chrome/49.0.2623.87",
   "Protocol-Version": "1.1",
   "User-Agent": "Mozilla/5.0 (Macintosh; Intel Mac OS X 10_11_4) AppleWebKit/537.36 (KHTML, like Gecko) Chrome/49.0.2623.87 Safari/537.36",
   "WebKit-Version": "537.36 (@d177478d466b84ab06f0f48081fc30e3b04be6ca)"
}

[1.488][DEBUG]: DevTools request: http://127.0.0.1:12593/json
[1.498][DEBUG]: DevTools response: [ {
   "description": "",
   "devtoolsFrontendUrl": "/devtools/inspector.html?ws=127.0.0.1:12593/devtools/page/FCBFD617-7C60-4BFD-9B35-1A42B3A214A4",
   "faviconUrl": "chrome://extension-icon/aapnijgdinlhnhlmodcfapnahmbfebeb/24/1",
   "id": "FCBFD617-7C60-4BFD-9B35-1A42B3A214A4",
   "title": "Chrome Automation Extension",
   "type": "background_page",
   "url": "chrome-extension://aapnijgdinlhnhlmodcfapnahmbfebeb/_generated_background_page.html",
   "webSocketDebuggerUrl": "ws://127.0.0.1:12593/devtools/page/FCBFD617-7C60-4BFD-9B35-1A42B3A214A4"
}, {
   "description": "",
   "devtoolsFrontendUrl": "/devtools/inspector.html?ws=127.0.0.1:12593/devtools/page/9FCF85C2-D1B9-4348-A68B-9062F505EA3C",
   "id": "9FCF85C2-D1B9-4348-A68B-9062F505EA3C",
   "title": "",
   "type": "page",
   "url": "data:,",
   "webSocketDebuggerUrl": "ws://127.0.0.1:12593/devtools/page/9FCF85C2-D1B9-4348-A68B-9062F505EA3C"
} ]

[1.498][DEBUG]: DevTools request: http://127.0.0.1:12593/json
[1.499][DEBUG]: DevTools response: [ {
   "description": "",
   "devtoolsFrontendUrl": "/devtools/inspector.html?ws=127.0.0.1:12593/devtools/page/FCBFD617-7C60-4BFD-9B35-1A42B3A214A4",
   "faviconUrl": "chrome://extension-icon/aapnijgdinlhnhlmodcfapnahmbfebeb/24/1",
   "id": "FCBFD617-7C60-4BFD-9B35-1A42B3A214A4",
   "title": "Chrome Automation Extension",
   "type": "background_page",
   "url": "chrome-extension://aapnijgdinlhnhlmodcfapnahmbfebeb/_generated_background_page.html",
   "webSocketDebuggerUrl": "ws://127.0.0.1:12593/devtools/page/FCBFD617-7C60-4BFD-9B35-1A42B3A214A4"
}, {
   "description": "",
   "devtoolsFrontendUrl": "/devtools/inspector.html?ws=127.0.0.1:12593/devtools/page/9FCF85C2-D1B9-4348-A68B-9062F505EA3C",
   "id": "9FCF85C2-D1B9-4348-A68B-9062F505EA3C",
   "title": "",
   "type": "page",
   "url": "data:,",
   "webSocketDebuggerUrl": "ws://127.0.0.1:12593/devtools/page/9FCF85C2-D1B9-4348-A68B-9062F505EA3C"
} ]

[1.500][DEBUG]: DEVTOOLS COMMAND Console.enable (id=1) {

}
[1.500][DEBUG]: DEVTOOLS COMMAND DOM.getDocument (id=2) {

}
[1.500][DEBUG]: DEVTOOLS COMMAND Runtime.enable (id=3) {

}
[1.500][DEBUG]: DEVTOOLS COMMAND Page.enable (id=4) {

}
[1.500][DEBUG]: DEVTOOLS COMMAND Page.enable (id=5) {

}
[1.520][DEBUG]: DEVTOOLS RESPONSE Console.enable (id=1) {

}
[1.520][DEBUG]: DEVTOOLS RESPONSE DOM.getDocument (id=2) {
   "root": {
      "baseURL": "",
      "childNodeCount": 1,
      "children": [ {
         "attributes": [  ],
         "childNodeCount": 2,
         "children": [ {
            "attributes": [  ],
            "childNodeCount": 0,
            "localName": "head",
            "nodeId": 3,
            "nodeName": "HEAD",
            "nodeType": 1,
            "nodeValue": ""
         }, {
            "attributes": [  ],
            "childNodeCount": 0,
            "localName": "body",
            "nodeId": 4,
            "nodeName": "BODY",
            "nodeType": 1,
            "nodeValue": ""
         } ],
         "localName": "html",
         "nodeId": 2,
         "nodeName": "HTML",
         "nodeType": 1,
         "nodeValue": ""
      } ],
      "documentURL": "",
      "localName": "",
      "nodeId": 1,
      "nodeName": "#document",
      "nodeType": 9,
      "nodeValue": "",
      "xmlVersion": ""
   }
}
[1.520][DEBUG]: DEVTOOLS RESPONSE Runtime.enable (id=3) {

}
[1.520][DEBUG]: DEVTOOLS RESPONSE Page.enable (id=4) {

}
[1.520][DEBUG]: DEVTOOLS RESPONSE Page.enable (id=5) {

}
[1.520][DEBUG]: DEVTOOLS COMMAND Page.enable (id=6) {

}
[1.549][DEBUG]: DEVTOOLS EVENT Page.frameNavigated {
   "frame": {
      "id": "15348.2",
      "loaderId": "15348.3",
      "mimeType": "text/plain",
      "securityOrigin": "://",
      "url": "data:,"
   }
}
[1.549][DEBUG]: DEVTOOLS EVENT Console.messagesCleared {

}
[1.549][DEBUG]: DEVTOOLS EVENT Runtime.executionContextCreated {
   "context": {
      "frameId": "15348.2",
      "id": 1,
      "name": "",
      "origin": "://"
   }
}
[1.549][DEBUG]: DEVTOOLS RESPONSE Page.enable (id=6) {

}
[1.549][DEBUG]: DEVTOOLS COMMAND Runtime.evaluate (id=7) {
   "expression": "(function() { // Copyright (c) 2012 The Chromium Authors. All rights reserved.\n// Use of this source code is governed by a BSD-style license that can be\n// found in the LICENSE file.\n\n/**\n * Enum f...",
   "returnByValue": true
}
[1.555][DEBUG]: DEVTOOLS RESPONSE Runtime.evaluate (id=7) {
   "result": {
      "type": "object",
      "value": {
         "status": 0,
         "value": 1
      }
   },
   "wasThrown": false
}
[1.555][INFO]: RESPONSE InitSession {
   "acceptSslCerts": true,
   "applicationCacheEnabled": false,
   "browserConnectionEnabled": false,
   "browserName": "chrome",
   "chrome": {
      "chromedriverVersion": "2.21.371459 (36d3d07f660ff2bc1bf28a75d1cdabed0983e7c4)",
      "userDataDir": "/var/folders/00/s1wyw_l52v5gbg9xfg13b7n00000gq/T/.org.chromium.Chromium.ffrjDW"
   },
   "cssSelectorsEnabled": true,
   "databaseEnabled": false,
   "handlesAlerts": true,
   "hasTouchScreen": false,
   "javascriptEnabled": true,
   "locationContextEnabled": true,
   "mobileEmulationEnabled": false,
   "nativeEvents": true,
   "platform": "Mac OS X",
   "rotatable": false,
   "takesHeapSnapshot": true,
   "takesScreenshot": true,
   "version": "49.0.2623.87",
   "webStorageEnabled": true
}
[1.558][INFO]: COMMAND SetWindowSize {
   "height": 768,
   "sessionId": "242ec42411643a04a0e2fd46643f7eca",
   "width": 1024,
   "windowHandle": "current"
}
[1.558][DEBUG]: DevTools request: http://127.0.0.1:12593/json
[1.559][DEBUG]: DevTools response: [ {
   "description": "",
   "devtoolsFrontendUrl": "/devtools/inspector.html?ws=127.0.0.1:12593/devtools/page/FCBFD617-7C60-4BFD-9B35-1A42B3A214A4",
   "faviconUrl": "chrome://extension-icon/aapnijgdinlhnhlmodcfapnahmbfebeb/24/1",
   "id": "FCBFD617-7C60-4BFD-9B35-1A42B3A214A4",
   "title": "Chrome Automation Extension",
   "type": "background_page",
   "url": "chrome-extension://aapnijgdinlhnhlmodcfapnahmbfebeb/_generated_background_page.html",
   "webSocketDebuggerUrl": "ws://127.0.0.1:12593/devtools/page/FCBFD617-7C60-4BFD-9B35-1A42B3A214A4"
}, {
   "description": "",
   "id": "9FCF85C2-D1B9-4348-A68B-9062F505EA3C",
   "title": "data:,",
   "type": "page",
   "url": "data:,"
} ]

[1.560][DEBUG]: DEVTOOLS COMMAND DOM.getDocument (id=1) {

}
[1.560][DEBUG]: DEVTOOLS COMMAND Runtime.enable (id=2) {

}
[1.561][DEBUG]: DEVTOOLS COMMAND Page.enable (id=3) {

}
